<?xml version="1.0" encoding="UTF-8"?>
<!-- Generated by org.testng.reporters.JUnitReportReporter -->
<testsuite hostname="Lenovo-PC" name="com.tsys.san.bigbasket.testcases.runme" tests="3" failures="0" timestamp="25 Mar 2018 09:05:18 GMT" time="0.015" errors="0">
  <testcase name="runtest" time="0.013" classname="com.tsys.san.bigbasket.testcases.runme"/>
  <testcase name="runtest" time="0.001" classname="com.tsys.san.bigbasket.testcases.runme"/>
  <testcase name="runtest" time="0.001" classname="com.tsys.san.bigbasket.testcases.runme"/>
</testsuite> <!-- com.tsys.san.bigbasket.testcases.runme -->
