<?xml version="1.0" encoding="UTF-8"?>
<!-- Generated by org.testng.reporters.JUnitReportReporter -->
<testsuite hostname="Lenovo-PC" name="com.tsys.san.testcases.DummyTestC" tests="1" failures="0" timestamp="14 Mar 2018 20:01:26 GMT" time="0.001" errors="0">
  <testcase name="TestC" time="0.001" classname="com.tsys.san.testcases.DummyTestC"/>
</testsuite> <!-- com.tsys.san.testcases.DummyTestC -->
